<?xml version="1.0" encoding="UTF-8"?>
<!-- Generated by org.testng.reporters.JUnitXMLReporter -->
<testsuite ignored="0" hostname="DESKTOP-ABLBB1N" failures="0" tests="5" name="Default test" time="124.022" errors="0" timestamp="2025-01-11T15:52:36 IST">
  <testcase classname="testCases.TC003_LoginDDT" name="verify_loginDDT" time="8.382"/>
  <testcase classname="testCases.TC003_LoginDDT" name="verify_loginDDT" time="33.12"/>
  <testcase classname="testCases.TC003_LoginDDT" name="verify_loginDDT" time="33.715"/>
  <testcase classname="testCases.TC003_LoginDDT" name="verify_loginDDT" time="5.074"/>
  <testcase classname="testCases.TC003_LoginDDT" name="verify_loginDDT" time="33.539"/>
</testsuite> <!-- Default test -->
