<?xml version="1.0" encoding="UTF-8"?>
<!-- Generated by org.testng.reporters.JUnitXMLReporter -->
<testsuite ignored="0" hostname="DESKTOP-ABLBB1N" failures="0" tests="7" name="ChromeTest" time="156.823" errors="0" timestamp="2025-01-02T11:42:47 IST">
  <testcase classname="testCases.TC001_AccountRegistrationTest" name="verify_account_registration" time="10.414"/>
  <testcase classname="testCases.TC002_LoginTest" name="verify_login" time="5.815"/>
  <testcase classname="testCases.TC003_LoginDDT" name="verify_loginDDT" time="6.123"/>
  <testcase classname="testCases.TC003_LoginDDT" name="verify_loginDDT" time="33.103"/>
  <testcase classname="testCases.TC003_LoginDDT" name="verify_loginDDT" time="33.242"/>
  <testcase classname="testCases.TC003_LoginDDT" name="verify_loginDDT" time="9.856"/>
  <testcase classname="testCases.TC003_LoginDDT" name="verify_loginDDT" time="33.974"/>
</testsuite> <!-- ChromeTest -->
