<?xml version="1.0" encoding="UTF-8"?>
<!-- Generated by org.testng.reporters.JUnitXMLReporter -->
<testsuite ignored="0" hostname="DESKTOP-ABLBB1N" failures="0" tests="7" name="ChromeTest" time="145.799" errors="0" timestamp="2025-01-02T12:11:09 IST">
  <testcase classname="testCases.TC001_AccountRegistrationTest" name="verify_account_registration" time="6.766"/>
  <testcase classname="testCases.TC002_LoginTest" name="verify_login" time="5.479"/>
  <testcase classname="testCases.TC003_LoginDDT" name="verify_loginDDT" time="8.43"/>
  <testcase classname="testCases.TC003_LoginDDT" name="verify_loginDDT" time="32.192"/>
  <testcase classname="testCases.TC003_LoginDDT" name="verify_loginDDT" time="34.178"/>
  <testcase classname="testCases.TC003_LoginDDT" name="verify_loginDDT" time="5.078"/>
  <testcase classname="testCases.TC003_LoginDDT" name="verify_loginDDT" time="32.49"/>
</testsuite> <!-- ChromeTest -->
