<?xml version="1.0" encoding="UTF-8"?>
<!-- Generated by org.testng.reporters.JUnitXMLReporter -->
<testsuite ignored="0" hostname="DESKTOP-ABLBB1N" failures="0" tests="7" name="Test" time="153.031" errors="0" timestamp="2025-01-02T10:39:05 IST">
  <testcase classname="testCases.TC001_AccountRegistrationTest" name="verify_account_registration" time="11.095"/>
  <testcase classname="testCases.TC002_LoginTest" name="verify_login" time="5.094"/>
  <testcase classname="testCases.TC003_LoginDDT" name="verify_loginDDT" time="7.226"/>
  <testcase classname="testCases.TC003_LoginDDT" name="verify_loginDDT" time="32.606"/>
  <testcase classname="testCases.TC003_LoginDDT" name="verify_loginDDT" time="33.261"/>
  <testcase classname="testCases.TC003_LoginDDT" name="verify_loginDDT" time="6.276"/>
  <testcase classname="testCases.TC003_LoginDDT" name="verify_loginDDT" time="33.472"/>
</testsuite> <!-- Test -->
