<?xml version="1.0" encoding="UTF-8"?>
<!-- Generated by org.testng.reporters.JUnitXMLReporter -->
<testsuite ignored="0" hostname="DESKTOP-ABLBB1N" failures="0" tests="7" name="Test" time="160.314" errors="0" timestamp="2025-03-17T10:16:56 IST">
  <testcase classname="testCases.TC001_AccountRegistrationTest" name="verify_account_registration" time="8.338"/>
  <testcase classname="testCases.TC002_LoginTest" name="verify_login" time="5.549"/>
  <testcase classname="testCases.TC003_LoginDDT" name="verify_loginDDT" time="13.423"/>
  <testcase classname="testCases.TC003_LoginDDT" name="verify_loginDDT" time="33.547"/>
  <testcase classname="testCases.TC003_LoginDDT" name="verify_loginDDT" time="33.817"/>
  <testcase classname="testCases.TC003_LoginDDT" name="verify_loginDDT" time="4.704"/>
  <testcase classname="testCases.TC003_LoginDDT" name="verify_loginDDT" time="33.551"/>
</testsuite> <!-- Test -->
